[LOG] System::create                           : Header version = 2.01.10. Current version = 2.01.10.
[LOG] Manager::init                            : maxchannels = 256 studioflags = 00000006 flags 00000000 extradriverdata 0000000000000000.
[LOG] SystemI::init                            : Initialize version=20110 (116632), maxchannels=256, flags=0x00020000
[LOG] SystemI::setOutputInternal               : Setting output to 'FMOD WASAPI Output'
[LOG] OutputWASAPI::init                       : Mix Format (WAVEFORMATEX): wFormatTag=0xFFFE, nChannels=2, nSamplesPerSec=48000, nAvgBytesPerSec=384000, nBlockAlign=8, wBitsPerSample=32, cbSize=22.
[LOG] OutputWASAPI::init                       : Mix Format (WAVEFORMATEXTENSIBLE): wValidBitsPerSample=32, dwChannelMask=0x00000003, SubFormat=00000003-0000-0010-8000-00AA00389B71.
[LOG] OutputWASAPI::init                       : Output buffer size: 4096 samples, latency: 0.00ms, period: 10.00ms, DSP buffer: 1024 * 4
[LOG] Thread::initThread                       : Init FMOD stream thread. Affinity: 0x8000000000000003, Priority: 0xFFFF7FFB, Stack Size: 98304, Semaphore: No, Sleep Time: 10, Looping: Yes.
[LOG] Thread::initThread                       : Init FMOD mixer thread. Affinity: 0x8000000000000001, Priority: 0xFFFF7FFA, Stack Size: 81920, Semaphore: No, Sleep Time: 0, Looping: Yes.
[LOG] AsyncManager::init                       : manager 0000021128F7C5B8 isAsync 0 updatePeriod 0.02
[LOG] AsyncManager::init                       : done
[LOG] PlaybackSystem::init                     : 
[LOG] Thread::initThread                       : Init FMOD Studio sample load thread. Affinity: 0x8000000000000003, Priority: 0xFFFF7FFD, Stack Size: 98304, Semaphore: No, Sleep Time: 1, Looping: No.
[LOG] PlaybackSystem::init                     : done
[LOG] Thread::initThread                       : Init FMOD Studio bank load thread. Affinity: 0x8000000000000003, Priority: 0xFFFF7FFD, Stack Size: 98304, Semaphore: No, Sleep Time: 1, Looping: No.
[LOG] Manager::init                            : done.
[LOG] Manager::readBank                        : fileversion = 135, compatVersion = 132 (oldest = 44, newest = 135)
[LOG] Manager::readBank                        : fileversion = 135, compatVersion = 132 (oldest = 44, newest = 135)
[LOG] Manager::readBank                        : fileversion = 135, compatVersion = 132 (oldest = 44, newest = 135)
[LOG] PlaybackSystem::acquireMasterBus         : Setting master channel group format to 6
[LOG] Manager::readBank                        : fileversion = 135, compatVersion = 132 (oldest = 44, newest = 135)
[LOG] Manager::readBank                        : fileversion = 135, compatVersion = 132 (oldest = 44, newest = 135)
[LOG] Manager::readBank                        : fileversion = 135, compatVersion = 132 (oldest = 44, newest = 135)
[LOG] PlaybackSystem::acquireMasterBus         : Setting master channel group format to 6
[LOG] AsyncThread::threadFunc                  : Starting Asynchronous operation on sound 000002112C4BE418
[LOG] AsyncThread::threadFunc                  : Finished Asynchronous operation on sound 000002112C4BE418
[LOG] AsyncThread::threadFunc                  : Starting Asynchronous operation on sound 000002112C4BCC78
[LOG] AsyncThread::threadFunc                  : Finished Asynchronous operation on sound 000002112C4BCC78
[LOG] AsyncThread::threadFunc                  : Starting Asynchronous operation on sound 000002112C4BDF08
[LOG] AsyncThread::threadFunc                  : Finished Asynchronous operation on sound 000002112C4BDF08
[LOG] SystemI::createSoundInternal             : Create name='', mode=0x02000202
[LOG] SystemI::createSoundInternal             : exinfo->cbsize             = 224
[LOG] SystemI::createSoundInternal             : exinfo->length             = 2647680
[LOG] SystemI::createSoundInternal             : exinfo->fileoffset         = 12992
[LOG] SystemI::createSoundInternal             : exinfo->numsubsounds       = 1
[LOG] SystemI::createSoundInternal             : exinfo->inclusionlist      = 00000049DC3FF2F8
[LOG] SystemI::createSoundInternal             : exinfo->inclusionlistnum   = 1
[LOG] SystemI::createSoundInternal             : exinfo->suggestedsoundtype = 5
[LOG] SystemI::createSoundInternal             : exinfo->useropen           = 00007FFB516A7EC0
[LOG] SystemI::createSoundInternal             : exinfo->userclose          = 00007FFB516A7E90
[LOG] SystemI::createSoundInternal             : exinfo->userread           = 00007FFB516A7F90
[LOG] SystemI::createSoundInternal             : exinfo->userseek           = 00007FFB516A8050
[LOG] SystemI::createSoundInternal             : exinfo->fileuserdata       = 00000210BBDDEB18
[LOG] SystemI::createSoundInternal             : exinfo->initialseekpostype = 1
[LOG] SystemI::DSPCodecPoolRegister            : register codec pool for pool type 5
[LOG] SystemI::createSoundInternal             : Sample 0/1: name='bombo2', format=5, channels=1, frequency=48000, lengthbytes=9248, lengthpcm=59679, pcmblocksize=0, loopstart=0, loopend=0, mode=0x00000000, channelmask=0x00000000, channelorder=0, peakvolume=0.988871.
[LOG] SystemI::createSoundInternal             : Create name='', mode=0x02000202
[LOG] SystemI::createSoundInternal             : exinfo->cbsize             = 224
[LOG] SystemI::createSoundInternal             : exinfo->length             = 2647680
[LOG] SystemI::createSoundInternal             : exinfo->fileoffset         = 12992
[LOG] SystemI::createSoundInternal             : exinfo->numsubsounds       = 1
[LOG] SystemI::createSoundInternal             : exinfo->inclusionlist      = 00000049DC3FF2F8
[LOG] SystemI::createSoundInternal             : exinfo->inclusionlistnum   = 1
[LOG] SystemI::createSoundInternal             : exinfo->suggestedsoundtype = 5
[LOG] SystemI::createSoundInternal             : exinfo->useropen           = 00007FFB516A7EC0
[LOG] SystemI::createSoundInternal             : exinfo->userclose          = 00007FFB516A7E90
[LOG] SystemI::createSoundInternal             : exinfo->userread           = 00007FFB516A7F90
[LOG] SystemI::createSoundInternal             : exinfo->userseek           = 00007FFB516A8050
[LOG] SystemI::createSoundInternal             : exinfo->fileuserdata       = 00000210BBDDF988
[LOG] SystemI::createSoundInternal             : exinfo->initialseekpostype = 1
[LOG] SystemI::DSPCodecPoolRegister            : register codec pool for pool type 5
[LOG] SystemI::createSoundInternal             : Sample 0/1: name='caixes-003', format=5, channels=2, frequency=48000, lengthbytes=16352, lengthpcm=136783, pcmblocksize=0, loopstart=0, loopend=0, mode=0x00000000, channelmask=0x00000000, channelorder=0, peakvolume=0.473671.
[LOG] SystemI::createSound                     : filename = ../Monke_Drummer_FMOD/Monke_Drummer_Project/Build\Desktop/Master.bank : mode 02010082
[LOG] SystemI::createSound                     : FMOD_NONBLOCKING specified.  Putting into queue to be opened asynchronously!
[LOG] SystemI::createSound                     : setdata soundi = 000002112C4BD848 : node = 00000210C2291090
[LOG] SystemI::createSound                     : add node to async list : head = 000002112937F448.  list count = 0
[LOG] AsyncThread::threadFunc                  : Starting Asynchronous operation on sound 000002112C4BD848
[LOG] SystemI::createSoundInternal             :     Create name='../Monke_Drummer_FMOD/Monke_Drummer_Project/Build\Desktop/Master.bank', mode=0x02010082
[LOG] SystemI::createSound                     :     filename = ../Monke_Drummer_FMOD/Monke_Drummer_Project/Build\Desktop/Master.bank : mode 02010082
[LOG] SystemI::createSoundInternal             :     exinfo->cbsize             = 224
[LOG] SystemI::createSound                     :     FMOD_NONBLOCKING specified.  Putting into queue to be opened asynchronously!
[LOG] SystemI::createSoundInternal             :     exinfo->length             = 2647680
[LOG] SystemI::createSoundInternal             :     exinfo->fileoffset         = 12992
[LOG] SystemI::createSound                     :     setdata soundi = 000002112C4C5018 : node = 00000210C2291810
[LOG] SystemI::createSoundInternal             :     exinfo->numsubsounds       = 1
[LOG] SystemI::createSound                     :     add node to async list : head = 000002112937F448.  list count = 0
[LOG] SystemI::createSoundInternal             :     exinfo->inclusionlist      = 00000210C22911A0
[LOG] SystemI::createSoundInternal             :     exinfo->inclusionlistnum   = 1
[LOG] SystemI::createSoundInternal             :     exinfo->suggestedsoundtype = 5
[LOG] SystemI::createSoundInternal             :     exinfo->initialseekpostype = 1
[LOG] SystemI::createSoundInternal             :     Stream 0/1: name='Harm_Electro_Arpeggio', format=5, channels=2, frequency=48000, lengthbytes=136448, lengthpcm=575962, pcmblocksize=0, loopstart=0, loopend=0, mode=0x00000000, channelmask=0x00000000, channelorder=0, peakvolume=0.089783.
[LOG] AsyncThread::threadFunc                  : Finished Asynchronous operation on sound 000002112C4BD848
[LOG] AsyncThread::threadFunc                  : Starting Asynchronous operation on sound 000002112C4C5018
[LOG] SystemI::createSoundInternal             :     Create name='../Monke_Drummer_FMOD/Monke_Drummer_Project/Build\Desktop/Master.bank', mode=0x02010082
[LOG] SystemI::createSoundInternal             :     exinfo->cbsize             = 224
[LOG] SystemI::createSoundInternal             :     exinfo->length             = 2647680
[LOG] SystemI::createSoundInternal             :     exinfo->fileoffset         = 12992
[LOG] SystemI::createSoundInternal             :     exinfo->numsubsounds       = 1
[LOG] SystemI::createSoundInternal             :     exinfo->inclusionlist      = 00000210C2291920
[LOG] SystemI::createSoundInternal             :     exinfo->inclusionlistnum   = 1
[LOG] SystemI::createSoundInternal             :     exinfo->suggestedsoundtype = 5
[LOG] SystemI::createSoundInternal             :     exinfo->initialseekpostype = 1
[LOG] SystemI::createSoundInternal             :     Stream 0/1: name='Baix_relaxat_Blanques', format=5, channels=2, frequency=48000, lengthbytes=76992, lengthpcm=576000, pcmblocksize=0, loopstart=0, loopend=0, mode=0x00000000, channelmask=0x00000000, channelorder=0, peakvolume=0.321167.
[LOG] AsyncThread::threadFunc                  : Finished Asynchronous operation on sound 000002112C4C5018
[LOG] SoundI::release                          : Baix_relaxat_Blanques (000002112C4BCFD8)
[LOG] SoundI::release                          :     Baix_relaxat_Blanques (00000210C07E7218)
[LOG] SoundI::release                          :     Baix_relaxat_Blanques (000002112C4BE418)
[LOG] SoundI::release                          : Harm_Electro_Arpeggio (000002112C4BD9F8)
[LOG] SoundI::release                          :     Harm_Electro_Arpeggio (00000210C07E9918)
[LOG] SoundI::release                          :     Harm_Electro_Arpeggio (000002112C4BDF08)
[LOG] SystemI::createSound                     : filename = ../Monke_Drummer_FMOD/Monke_Drummer_Project/Build\Desktop/Master.bank : mode 02010082
[LOG] SystemI::createSound                     : FMOD_NONBLOCKING specified.  Putting into queue to be opened asynchronously!
[LOG] SystemI::createSound                     : setdata soundi = 000002112C4BCFD8 : node = 00000210C2293ED0
[LOG] SystemI::createSound                     : add node to async list : head = 000002112937F448.  list count = 0
[LOG] AsyncThread::threadFunc                  : Starting Asynchronous operation on sound 000002112C4BCFD8
[LOG] SystemI::createSound                     : filename = ../Monke_Drummer_FMOD/Monke_Drummer_Project/Build\Desktop/Master.bank : mode 02010082
[LOG] SystemI::createSoundInternal             :     Create name='../Monke_Drummer_FMOD/Monke_Drummer_Project/Build\Desktop/Master.bank', mode=0x02010082
[LOG] SystemI::createSound                     :     FMOD_NONBLOCKING specified.  Putting into queue to be opened asynchronously!
[LOG] SystemI::createSoundInternal             :     exinfo->cbsize             = 224
[LOG] SystemI::createSound                     :     setdata soundi = 000002112C4BDF08 : node = 00000210C22934D0
[LOG] SystemI::createSoundInternal             :     exinfo->length             = 2647680
[LOG] SystemI::createSound                     :     add node to async list : head = 000002112937F448.  list count = 0
[LOG] SystemI::createSoundInternal             :     exinfo->fileoffset         = 12992
[LOG] SystemI::createSoundInternal             :     exinfo->numsubsounds       = 1
[LOG] SystemI::createSoundInternal             :     exinfo->inclusionlist      = 00000210C2293FE0
[LOG] SystemI::createSoundInternal             :     exinfo->inclusionlistnum   = 1
[LOG] SystemI::createSound                     :     filename = ../Monke_Drummer_FMOD/Monke_Drummer_Project/Build\Desktop/Master.bank : mode 02010082
[LOG] SystemI::createSoundInternal             :     exinfo->suggestedsoundtype = 5
[LOG] SystemI::createSound                     :     FMOD_NONBLOCKING specified.  Putting into queue to be opened asynchronously!
[LOG] SystemI::createSoundInternal             :     exinfo->initialseekpostype = 1
[LOG] SystemI::createSound                     :     setdata soundi = 000002112C4BE418 : node = 00000210C2291BD0
[LOG] SystemI::createSound                     :     add node to async list : head = 000002112937F448.  list count = 1
[LOG] SystemI::createSoundInternal             :     Stream 0/1: name='Harm_Piano_Basic', format=5, channels=2, frequency=48000, lengthbytes=137024, lengthpcm=576000, pcmblocksize=0, loopstart=0, loopend=0, mode=0x00000000, channelmask=0x00000000, channelorder=0, peakvolume=0.327393.
[LOG] AsyncThread::threadFunc                  : Finished Asynchronous operation on sound 000002112C4BCFD8
[LOG] AsyncThread::threadFunc                  : Starting Asynchronous operation on sound 000002112C4BDF08
[LOG] SystemI::createSoundInternal             :     Create name='../Monke_Drummer_FMOD/Monke_Drummer_Project/Build\Desktop/Master.bank', mode=0x02010082
[LOG] SystemI::createSoundInternal             :     exinfo->cbsize             = 224
[LOG] SystemI::createSoundInternal             :     exinfo->length             = 2647680
[LOG] SystemI::createSoundInternal             :     exinfo->fileoffset         = 12992
[LOG] SystemI::createSoundInternal             :     exinfo->numsubsounds       = 1
[LOG] SystemI::createSoundInternal             :     exinfo->inclusionlist      = 00000210C22935E0
[LOG] SystemI::createSoundInternal             :     exinfo->inclusionlistnum   = 1
[LOG] SystemI::createSoundInternal             :     exinfo->suggestedsoundtype = 5
[LOG] SystemI::createSoundInternal             :     exinfo->initialseekposition = 352
[LOG] SystemI::createSoundInternal             :     exinfo->initialseekpostype = 1
[LOG] SystemI::createSoundInternal             :     Stream 0/1: name='Baix_articulat', format=5, channels=2, frequency=48000, lengthbytes=87488, lengthpcm=576000, pcmblocksize=0, loopstart=0, loopend=0, mode=0x00000000, channelmask=0x00000000, channelorder=0, peakvolume=0.267059.
[LOG] AsyncThread::threadFunc                  : Finished Asynchronous operation on sound 000002112C4BDF08
[LOG] AsyncThread::threadFunc                  : Starting Asynchronous operation on sound 000002112C4BE418
[LOG] SystemI::createSoundInternal             :     Create name='../Monke_Drummer_FMOD/Monke_Drummer_Project/Build\Desktop/Master.bank', mode=0x02010082
[LOG] SystemI::createSoundInternal             :     exinfo->cbsize             = 224
[LOG] SystemI::createSoundInternal             :     exinfo->length             = 2647680
[LOG] SystemI::createSoundInternal             :     exinfo->fileoffset         = 12992
[LOG] SystemI::createSoundInternal             :     exinfo->numsubsounds       = 1
[LOG] SystemI::createSoundInternal             :     exinfo->inclusionlist      = 00000210C2291CE0
[LOG] SystemI::createSoundInternal             :     exinfo->inclusionlistnum   = 1
[LOG] SystemI::createSoundInternal             :     exinfo->suggestedsoundtype = 5
[LOG] SystemI::createSoundInternal             :     exinfo->initialseekpostype = 1
[LOG] SystemI::createSoundInternal             :     Stream 0/1: name='Mel_Piano_Electric', format=5, channels=2, frequency=48000, lengthbytes=109120, lengthpcm=576000, pcmblocksize=0, loopstart=0, loopend=0, mode=0x00000000, channelmask=0x00000000, channelorder=0, peakvolume=0.281433.
[LOG] AsyncThread::threadFunc                  : Finished Asynchronous operation on sound 000002112C4BE418
[LOG] SoundI::release                          : Mel_Synth (000002112C4C31B8)
[LOG] SoundI::release                          :     Mel_Synth (00000210C07E9DF8)
[LOG] SoundI::release                          :     Mel_Synth (000002112C4BCC78)
[LOG] SoundI::release                          : Baix_relaxat_Blanques (000002112C4C5018)
[LOG] SoundI::release                          :     Baix_relaxat_Blanques (00000210C07E8A78)
[LOG] SoundI::release                          :     Baix_relaxat_Blanques (000002112C4C5BE8)
[LOG] SystemI::createSound                     : filename = ../Monke_Drummer_FMOD/Monke_Drummer_Project/Build\Desktop/Master.bank : mode 02010082
[LOG] SystemI::createSound                     : FMOD_NONBLOCKING specified.  Putting into queue to be opened asynchronously!
[LOG] SystemI::createSound                     : setdata soundi = 000002112C4BE928 : node = 00000210C22925D0
[LOG] SystemI::createSound                     : add node to async list : head = 000002112937F448.  list count = 0
[LOG] AsyncThread::threadFunc                  : Starting Asynchronous operation on sound 000002112C4BE928
[LOG] SystemI::createSoundInternal             :     Create name='../Monke_Drummer_FMOD/Monke_Drummer_Project/Build\Desktop/Master.bank', mode=0x02010082
[LOG] SystemI::createSoundInternal             :     exinfo->cbsize             = 224
[LOG] SystemI::createSoundInternal             :     exinfo->length             = 2647680
[LOG] SystemI::createSoundInternal             :     exinfo->fileoffset         = 12992
[LOG] SystemI::createSoundInternal             :     exinfo->numsubsounds       = 1
[LOG] SystemI::createSoundInternal             :     exinfo->inclusionlist      = 00000210C22926E0
[LOG] SystemI::createSoundInternal             :     exinfo->inclusionlistnum   = 1
[LOG] SystemI::createSoundInternal             :     exinfo->suggestedsoundtype = 5
[LOG] SystemI::createSoundInternal             :     exinfo->initialseekpostype = 1
[LOG] SystemI::createSoundInternal             :     Stream 0/1: name='Baix_articulat', format=5, channels=2, frequency=48000, lengthbytes=87488, lengthpcm=576000, pcmblocksize=0, loopstart=0, loopend=0, mode=0x00000000, channelmask=0x00000000, channelorder=0, peakvolume=0.267059.
[LOG] AsyncThread::threadFunc                  : Finished Asynchronous operation on sound 000002112C4BE928
[LOG] SystemI::createSound                     : filename = ../Monke_Drummer_FMOD/Monke_Drummer_Project/Build\Desktop/Master.bank : mode 02010082
[LOG] SystemI::createSound                     : FMOD_NONBLOCKING specified.  Putting into queue to be opened asynchronously!
[LOG] SystemI::createSound                     : setdata soundi = 000002112C4C4E68 : node = 00000210C2292C10
[LOG] SystemI::createSound                     : add node to async list : head = 000002112937F448.  list count = 0
[LOG] AsyncThread::threadFunc                  : Starting Asynchronous operation on sound 000002112C4C4E68
[LOG] SystemI::createSoundInternal             :     Create name='../Monke_Drummer_FMOD/Monke_Drummer_Project/Build\Desktop/Master.bank', mode=0x02010082
[LOG] SystemI::createSound                     :     filename = ../Monke_Drummer_FMOD/Monke_Drummer_Project/Build\Desktop/Master.bank : mode 02010082
[LOG] SystemI::createSoundInternal             :     exinfo->cbsize             = 224
[LOG] SystemI::createSound                     :     FMOD_NONBLOCKING specified.  Putting into queue to be opened asynchronously!
[LOG] SystemI::createSoundInternal             :     exinfo->length             = 2647680
[LOG] SystemI::createSoundInternal             :     exinfo->fileoffset         = 12992
[LOG] SystemI::createSound                     :     setdata soundi = 000002112C4C5BE8 : node = 00000210C2292710
[LOG] SystemI::createSoundInternal             :     exinfo->numsubsounds       = 1
[LOG] SystemI::createSound                     :     add node to async list : head = 000002112937F448.  list count = 0
[LOG] SystemI::createSoundInternal             :     exinfo->inclusionlist      = 00000210C2292D20
[LOG] SystemI::createSoundInternal             :     exinfo->inclusionlistnum   = 1
[LOG] SystemI::createSoundInternal             :     exinfo->suggestedsoundtype = 5
[LOG] SystemI::createSoundInternal             :     exinfo->initialseekposition = 149
[LOG] SystemI::createSoundInternal             :     exinfo->initialseekpostype = 1
[LOG] SystemI::createSoundInternal             :     Stream 0/1: name='Baix_Electronic', format=5, channels=2, frequency=48000, lengthbytes=95680, lengthpcm=576000, pcmblocksize=0, loopstart=0, loopend=0, mode=0x00000000, channelmask=0x00000000, channelorder=0, peakvolume=0.489624.
[LOG] AsyncThread::threadFunc                  : Finished Asynchronous operation on sound 000002112C4C4E68
[LOG] AsyncThread::threadFunc                  : Starting Asynchronous operation on sound 000002112C4C5BE8
[LOG] SystemI::createSoundInternal             :     Create name='../Monke_Drummer_FMOD/Monke_Drummer_Project/Build\Desktop/Master.bank', mode=0x02010082
[LOG] SystemI::createSoundInternal             :     exinfo->cbsize             = 224
[LOG] SystemI::createSoundInternal             :     exinfo->length             = 2647680
[LOG] SystemI::createSoundInternal             :     exinfo->fileoffset         = 12992
[LOG] SystemI::createSoundInternal             :     exinfo->numsubsounds       = 1
[LOG] SystemI::createSoundInternal             :     exinfo->inclusionlist      = 00000210C2292820
[LOG] SystemI::createSoundInternal             :     exinfo->inclusionlistnum   = 1
[LOG] SystemI::createSoundInternal             :     exinfo->suggestedsoundtype = 5
[LOG] SystemI::createSoundInternal             :     exinfo->initialseekpostype = 1
[LOG] SystemI::createSoundInternal             :     Stream 0/1: name='Mel_Synth', format=5, channels=2, frequency=48000, lengthbytes=144800, lengthpcm=576000, pcmblocksize=0, loopstart=0, loopend=0, mode=0x00000000, channelmask=0x00000000, channelorder=0, peakvolume=0.363617.
[LOG] AsyncThread::threadFunc                  : Finished Asynchronous operation on sound 000002112C4C5BE8
[LOG] SoundI::release                          : Baix_articulat (000002112C4BDF08)
[LOG] SoundI::release                          :     Baix_articulat (00000210C07E8C18)
[LOG] SoundI::release                          :     Baix_articulat (000002112C4C3A28)
[LOG] SoundI::release                          : Harm_Electro_Arpeggio (000002112C4BD848)
[LOG] SoundI::release                          :     Harm_Electro_Arpeggio (00000210C07E9F98)
[LOG] SoundI::release                          :     Harm_Electro_Arpeggio (000002112C4C3878)
[LOG] SoundI::release                          : Baix_articulat (000002112C4BE928)
[LOG] SoundI::release                          :     Baix_articulat (00000210C07E8A78)
[LOG] SoundI::release                          :     Baix_articulat (000002112C4C4CB8)
[LOG] SystemI::createSound                     : filename = ../Monke_Drummer_FMOD/Monke_Drummer_Project/Build\Desktop/Master.bank : mode 02010082
[LOG] SystemI::createSound                     : FMOD_NONBLOCKING specified.  Putting into queue to be opened asynchronously!
[LOG] SystemI::createSound                     : setdata soundi = 000002112C4BF198 : node = 00000210C2291810
[LOG] SystemI::createSound                     : add node to async list : head = 000002112937F448.  list count = 0
[LOG] AsyncThread::threadFunc                  : Starting Asynchronous operation on sound 000002112C4BF198
[LOG] SystemI::createSoundInternal             :     Create name='../Monke_Drummer_FMOD/Monke_Drummer_Project/Build\Desktop/Master.bank', mode=0x02010082
[LOG] SystemI::createSoundInternal             :     exinfo->cbsize             = 224
[LOG] SystemI::createSoundInternal             :     exinfo->length             = 2647680
[LOG] SystemI::createSoundInternal             :     exinfo->fileoffset         = 12992
[LOG] SystemI::createSoundInternal             :     exinfo->numsubsounds       = 1
[LOG] SystemI::createSoundInternal             :     exinfo->inclusionlist      = 00000210C2291920
[LOG] SystemI::createSoundInternal             :     exinfo->inclusionlistnum   = 1
[LOG] SystemI::createSoundInternal             :     exinfo->suggestedsoundtype = 5
[LOG] SystemI::createSoundInternal             :     exinfo->initialseekpostype = 1
[LOG] SystemI::createSoundInternal             :     Stream 0/1: name='Baix_Electronic', format=5, channels=2, frequency=48000, lengthbytes=95680, lengthpcm=576000, pcmblocksize=0, loopstart=0, loopend=0, mode=0x00000000, channelmask=0x00000000, channelorder=0, peakvolume=0.489624.
[LOG] AsyncThread::threadFunc                  : Finished Asynchronous operation on sound 000002112C4BF198
[LOG] SoundI::release                          : Mel_Piano_Electric (000002112C4BE418)
[LOG] SoundI::release                          :     Mel_Piano_Electric (00000210C07E9298)
[LOG] SoundI::release                          :     Mel_Piano_Electric (000002112C4C3BD8)
[LOG] SoundI::release                          : Baix_Electronic (000002112C4C4E68)
[LOG] SoundI::release                          :     Baix_Electronic (00000210C07E9918)
[LOG] SoundI::release                          :     Baix_Electronic (000002112C4C4298)
[LOG] SystemI::createSound                     : filename = ../Monke_Drummer_FMOD/Monke_Drummer_Project/Build\Desktop/Master.bank : mode 02010082
[LOG] SystemI::createSound                     : FMOD_NONBLOCKING specified.  Putting into queue to be opened asynchronously!
[LOG] SystemI::createSound                     : setdata soundi = 000002112C4BD9F8 : node = 00000210C2291BD0
[LOG] SystemI::createSound                     : add node to async list : head = 000002112937F448.  list count = 0
[LOG] AsyncThread::threadFunc                  : Starting Asynchronous operation on sound 000002112C4BD9F8
[LOG] SystemI::createSoundInternal             :     Create name='../Monke_Drummer_FMOD/Monke_Drummer_Project/Build\Desktop/Master.bank', mode=0x02010082
[LOG] SystemI::createSoundInternal             :     exinfo->cbsize             = 224
[LOG] SystemI::createSoundInternal             :     exinfo->length             = 2647680
[LOG] SystemI::createSoundInternal             :     exinfo->fileoffset         = 12992
[LOG] SystemI::createSoundInternal             :     exinfo->numsubsounds       = 1
[LOG] SystemI::createSoundInternal             :     exinfo->inclusionlist      = 00000210C2291CE0
[LOG] SystemI::createSoundInternal             :     exinfo->inclusionlistnum   = 1
[LOG] SystemI::createSoundInternal             :     exinfo->suggestedsoundtype = 5
[LOG] SystemI::createSoundInternal             :     exinfo->initialseekpostype = 1
[LOG] SystemI::createSoundInternal             :     Stream 0/1: name='Baix_Electronic', format=5, channels=2, frequency=48000, lengthbytes=95680, lengthpcm=576000, pcmblocksize=0, loopstart=0, loopend=0, mode=0x00000000, channelmask=0x00000000, channelorder=0, peakvolume=0.489624.
[LOG] AsyncThread::threadFunc                  : Finished Asynchronous operation on sound 000002112C4BD9F8
[LOG] SoundI::release                          : Baix_Electronic (000002112C4BF198)
[LOG] SoundI::release                          :     Baix_Electronic (00000210C07E9F98)
[LOG] SoundI::release                          :     Baix_Electronic (000002112C4BCC78)
[LOG] SystemI::createSound                     : filename = ../Monke_Drummer_FMOD/Monke_Drummer_Project/Build\Desktop/Master.bank : mode 02010082
[LOG] SystemI::createSound                     : FMOD_NONBLOCKING specified.  Putting into queue to be opened asynchronously!
[LOG] SystemI::createSound                     : setdata soundi = 000002112C4BFF18 : node = 00000210C22934D0
[LOG] SystemI::createSound                     : add node to async list : head = 000002112937F448.  list count = 0
[LOG] AsyncThread::threadFunc                  : Starting Asynchronous operation on sound 000002112C4BFF18
[LOG] SystemI::createSoundInternal             :     Create name='../Monke_Drummer_FMOD/Monke_Drummer_Project/Build\Desktop/Master.bank', mode=0x02010082
[LOG] SystemI::createSoundInternal             :     exinfo->cbsize             = 224
[LOG] SystemI::createSoundInternal             :     exinfo->length             = 2647680
[LOG] SystemI::createSoundInternal             :     exinfo->fileoffset         = 12992
[LOG] SystemI::createSoundInternal             :     exinfo->numsubsounds       = 1
[LOG] SystemI::createSoundInternal             :     exinfo->inclusionlist      = 00000210C22935E0
[LOG] SystemI::createSoundInternal             :     exinfo->inclusionlistnum   = 1
[LOG] SystemI::createSoundInternal             :     exinfo->suggestedsoundtype = 5
[LOG] SystemI::createSoundInternal             :     exinfo->initialseekpostype = 1
[LOG] SystemI::createSoundInternal             :     Stream 0/1: name='Baix_Electronic', format=5, channels=2, frequency=48000, lengthbytes=95680, lengthpcm=576000, pcmblocksize=0, loopstart=0, loopend=0, mode=0x00000000, channelmask=0x00000000, channelorder=0, peakvolume=0.489624.
[LOG] AsyncThread::threadFunc                  : Finished Asynchronous operation on sound 000002112C4BFF18
[LOG] SoundI::release                          : Baix_Electronic (000002112C4BD9F8)
[LOG] SoundI::release                          :     Baix_Electronic (00000210C07E8A78)
[LOG] SoundI::release                          :     Baix_Electronic (000002112C4BE928)
[LOG] SystemI::createSound                     : filename = ../Monke_Drummer_FMOD/Monke_Drummer_Project/Build\Desktop/Master.bank : mode 02010082
[LOG] SystemI::createSound                     : FMOD_NONBLOCKING specified.  Putting into queue to be opened asynchronously!
[LOG] SystemI::createSound                     : setdata soundi = 000002112C4BDF08 : node = 00000210C2291810
[LOG] SystemI::createSound                     : add node to async list : head = 000002112937F448.  list count = 0
[LOG] AsyncThread::threadFunc                  : Starting Asynchronous operation on sound 000002112C4BDF08
[LOG] SystemI::createSoundInternal             :     Create name='../Monke_Drummer_FMOD/Monke_Drummer_Project/Build\Desktop/Master.bank', mode=0x02010082
[LOG] SystemI::createSoundInternal             :     exinfo->cbsize             = 224
[LOG] SystemI::createSoundInternal             :     exinfo->length             = 2647680
[LOG] SystemI::createSoundInternal             :     exinfo->fileoffset         = 12992
[LOG] SystemI::createSoundInternal             :     exinfo->numsubsounds       = 1
[LOG] SystemI::createSoundInternal             :     exinfo->inclusionlist      = 00000210C2291920
[LOG] SystemI::createSoundInternal             :     exinfo->inclusionlistnum   = 1
[LOG] SystemI::createSoundInternal             :     exinfo->suggestedsoundtype = 5
[LOG] SystemI::createSoundInternal             :     exinfo->initialseekpostype = 1
[LOG] SystemI::createSoundInternal             :     Stream 0/1: name='Baix_Electronic', format=5, channels=2, frequency=48000, lengthbytes=95680, lengthpcm=576000, pcmblocksize=0, loopstart=0, loopend=0, mode=0x00000000, channelmask=0x00000000, channelorder=0, peakvolume=0.489624.
[LOG] AsyncThread::threadFunc                  : Finished Asynchronous operation on sound 000002112C4BDF08
[LOG] SoundI::release                          : Baix_Electronic (000002112C4BFF18)
[LOG] SoundI::release                          :     Baix_Electronic (00000210C07E8C18)
[LOG] SoundI::release                          :     Baix_Electronic (000002112C4BD188)
[LOG] SystemI::createSound                     : filename = ../Monke_Drummer_FMOD/Monke_Drummer_Project/Build\Desktop/Master.bank : mode 02010082
[LOG] SystemI::createSound                     : FMOD_NONBLOCKING specified.  Putting into queue to be opened asynchronously!
[LOG] SystemI::createSound                     : setdata soundi = 000002112C4C4298 : node = 00000210C22925D0
[LOG] SystemI::createSound                     : add node to async list : head = 000002112937F448.  list count = 0
[LOG] AsyncThread::threadFunc                  : Starting Asynchronous operation on sound 000002112C4C4298
[LOG] SystemI::createSoundInternal             :     Create name='../Monke_Drummer_FMOD/Monke_Drummer_Project/Build\Desktop/Master.bank', mode=0x02010082
[LOG] SystemI::createSoundInternal             :     exinfo->cbsize             = 224
[LOG] SystemI::createSoundInternal             :     exinfo->length             = 2647680
[LOG] SystemI::createSoundInternal             :     exinfo->fileoffset         = 12992
[LOG] SystemI::createSoundInternal             :     exinfo->numsubsounds       = 1
[LOG] SystemI::createSoundInternal             :     exinfo->inclusionlist      = 00000210C22926E0
[LOG] SystemI::createSoundInternal             :     exinfo->inclusionlistnum   = 1
[LOG] SystemI::createSoundInternal             :     exinfo->suggestedsoundtype = 5
[LOG] SystemI::createSoundInternal             :     exinfo->initialseekpostype = 1
[LOG] SystemI::createSoundInternal             :     Stream 0/1: name='Baix_Electronic', format=5, channels=2, frequency=48000, lengthbytes=95680, lengthpcm=576000, pcmblocksize=0, loopstart=0, loopend=0, mode=0x00000000, channelmask=0x00000000, channelorder=0, peakvolume=0.489624.
[LOG] AsyncThread::threadFunc                  : Finished Asynchronous operation on sound 000002112C4C4298
[LOG] SoundI::release                          : Baix_Electronic (000002112C4BDF08)
[LOG] SoundI::release                          :     Baix_Electronic (00000210C07E8A78)
[LOG] SoundI::release                          :     Baix_Electronic (000002112C4BD9F8)
[LOG] SystemI::createSound                     : filename = ../Monke_Drummer_FMOD/Monke_Drummer_Project/Build\Desktop/Master.bank : mode 02010082
[LOG] SystemI::createSound                     : FMOD_NONBLOCKING specified.  Putting into queue to be opened asynchronously!
[LOG] SystemI::createSound                     : setdata soundi = 000002112C4C56D8 : node = 00000210C2292990
[LOG] SystemI::createSound                     : add node to async list : head = 000002112937F448.  list count = 0
[LOG] AsyncThread::threadFunc                  : Starting Asynchronous operation on sound 000002112C4C56D8
[LOG] SystemI::createSoundInternal             :     Create name='../Monke_Drummer_FMOD/Monke_Drummer_Project/Build\Desktop/Master.bank', mode=0x02010082
[LOG] SystemI::createSoundInternal             :     exinfo->cbsize             = 224
[LOG] SystemI::createSoundInternal             :     exinfo->length             = 2647680
[LOG] SystemI::createSoundInternal             :     exinfo->fileoffset         = 12992
[LOG] SystemI::createSoundInternal             :     exinfo->numsubsounds       = 1
[LOG] SystemI::createSoundInternal             :     exinfo->inclusionlist      = 00000210C2292AA0
[LOG] SystemI::createSoundInternal             :     exinfo->inclusionlistnum   = 1
[LOG] SystemI::createSoundInternal             :     exinfo->suggestedsoundtype = 5
[LOG] SystemI::createSoundInternal             :     exinfo->initialseekpostype = 1
[LOG] SystemI::createSoundInternal             :     Stream 0/1: name='Baix_Electronic', format=5, channels=2, frequency=48000, lengthbytes=95680, lengthpcm=576000, pcmblocksize=0, loopstart=0, loopend=0, mode=0x00000000, channelmask=0x00000000, channelorder=0, peakvolume=0.489624.
[LOG] AsyncThread::threadFunc                  : Finished Asynchronous operation on sound 000002112C4C56D8
[LOG] SoundI::release                          : Baix_Electronic (000002112C4C4298)
[LOG] SoundI::release                          :     Baix_Electronic (00000210C07E8C18)
[LOG] SoundI::release                          :     Baix_Electronic (000002112C4C47A8)
[LOG] SystemI::createSound                     : filename = ../Monke_Drummer_FMOD/Monke_Drummer_Project/Build\Desktop/Master.bank : mode 02010082
[LOG] SystemI::createSound                     : FMOD_NONBLOCKING specified.  Putting into queue to be opened asynchronously!
[LOG] SystemI::createSound                     : setdata soundi = 000002112C4C45F8 : node = 00000210C2291090
[LOG] SystemI::createSound                     : add node to async list : head = 000002112937F448.  list count = 0
[LOG] AsyncThread::threadFunc                  : Starting Asynchronous operation on sound 000002112C4C45F8
[LOG] SystemI::createSoundInternal             :     Create name='../Monke_Drummer_FMOD/Monke_Drummer_Project/Build\Desktop/Master.bank', mode=0x02010082
[LOG] SystemI::createSoundInternal             :     exinfo->cbsize             = 224
[LOG] SystemI::createSoundInternal             :     exinfo->length             = 2647680
[LOG] SystemI::createSoundInternal             :     exinfo->fileoffset         = 12992
[LOG] SystemI::createSoundInternal             :     exinfo->numsubsounds       = 1
[LOG] SystemI::createSoundInternal             :     exinfo->inclusionlist      = 00000210C22911A0
[LOG] SystemI::createSoundInternal             :     exinfo->inclusionlistnum   = 1
[LOG] SystemI::createSoundInternal             :     exinfo->suggestedsoundtype = 5
[LOG] SystemI::createSoundInternal             :     exinfo->initialseekpostype = 1
[LOG] SystemI::createSoundInternal             :     Stream 0/1: name='Baix_Electronic', format=5, channels=2, frequency=48000, lengthbytes=95680, lengthpcm=576000, pcmblocksize=0, loopstart=0, loopend=0, mode=0x00000000, channelmask=0x00000000, channelorder=0, peakvolume=0.489624.
[LOG] AsyncThread::threadFunc                  : Finished Asynchronous operation on sound 000002112C4C45F8
[LOG] SoundI::release                          : Baix_Electronic (000002112C4C56D8)
[LOG] SoundI::release                          :     Baix_Electronic (00000210C07E9F98)
[LOG] SoundI::release                          :     Baix_Electronic (000002112C4C5888)
[LOG] SystemI::createSound                     : filename = ../Monke_Drummer_FMOD/Monke_Drummer_Project/Build\Desktop/Master.bank : mode 02010082
[LOG] SystemI::createSound                     : FMOD_NONBLOCKING specified.  Putting into queue to be opened asynchronously!
[LOG] SystemI::createSound                     : setdata soundi = 000002112C4C3BD8 : node = 00000210C2291810
[LOG] SystemI::createSound                     : add node to async list : head = 000002112937F448.  list count = 0
[LOG] AsyncThread::threadFunc                  : Starting Asynchronous operation on sound 000002112C4C3BD8
[LOG] SystemI::createSoundInternal             :     Create name='../Monke_Drummer_FMOD/Monke_Drummer_Project/Build\Desktop/Master.bank', mode=0x02010082
[LOG] SystemI::createSoundInternal             :     exinfo->cbsize             = 224
[LOG] SystemI::createSoundInternal             :     exinfo->length             = 2647680
[LOG] SystemI::createSoundInternal             :     exinfo->fileoffset         = 12992
[LOG] SystemI::createSoundInternal             :     exinfo->numsubsounds       = 1
[LOG] SystemI::createSoundInternal             :     exinfo->inclusionlist      = 00000210C2291920
[LOG] SystemI::createSoundInternal             :     exinfo->inclusionlistnum   = 1
[LOG] SystemI::createSoundInternal             :     exinfo->suggestedsoundtype = 5
[LOG] SystemI::createSoundInternal             :     exinfo->initialseekpostype = 1
[LOG] SystemI::createSoundInternal             :     Stream 0/1: name='Baix_Electronic', format=5, channels=2, frequency=48000, lengthbytes=95680, lengthpcm=576000, pcmblocksize=0, loopstart=0, loopend=0, mode=0x00000000, channelmask=0x00000000, channelorder=0, peakvolume=0.489624.
[LOG] AsyncThread::threadFunc                  : Finished Asynchronous operation on sound 000002112C4C3BD8
[LOG] SoundI::release                          : Baix_Electronic (000002112C4C45F8)
[LOG] SoundI::release                          :     Baix_Electronic (00000210C07E9918)
[LOG] SoundI::release                          :     Baix_Electronic (000002112C4C3878)
[LOG] SystemI::createSound                     : filename = ../Monke_Drummer_FMOD/Monke_Drummer_Project/Build\Desktop/Master.bank : mode 02010082
[LOG] SystemI::createSound                     : FMOD_NONBLOCKING specified.  Putting into queue to be opened asynchronously!
[LOG] SystemI::createSound                     : setdata soundi = 000002112C4C45F8 : node = 00000210C22925D0
[LOG] SystemI::createSound                     : add node to async list : head = 000002112937F448.  list count = 0
[LOG] AsyncThread::threadFunc                  : Starting Asynchronous operation on sound 000002112C4C45F8
[LOG] SystemI::createSoundInternal             :     Create name='../Monke_Drummer_FMOD/Monke_Drummer_Project/Build\Desktop/Master.bank', mode=0x02010082
[LOG] SystemI::createSoundInternal             :     exinfo->cbsize             = 224
[LOG] SystemI::createSoundInternal             :     exinfo->length             = 2647680
[LOG] SystemI::createSoundInternal             :     exinfo->fileoffset         = 12992
[LOG] SystemI::createSoundInternal             :     exinfo->numsubsounds       = 1
[LOG] SystemI::createSoundInternal             :     exinfo->inclusionlist      = 00000210C22926E0
[LOG] SystemI::createSoundInternal             :     exinfo->inclusionlistnum   = 1
[LOG] SystemI::createSoundInternal             :     exinfo->suggestedsoundtype = 5
[LOG] SystemI::createSoundInternal             :     exinfo->initialseekpostype = 1
[LOG] SystemI::createSoundInternal             :     Stream 0/1: name='Baix_Electronic', format=5, channels=2, frequency=48000, lengthbytes=95680, lengthpcm=576000, pcmblocksize=0, loopstart=0, loopend=0, mode=0x00000000, channelmask=0x00000000, channelorder=0, peakvolume=0.489624.
[LOG] AsyncThread::threadFunc                  : Finished Asynchronous operation on sound 000002112C4C45F8
[LOG] SoundI::release                          : Baix_Electronic (000002112C4C3BD8)
[LOG] SoundI::release                          :     Baix_Electronic (00000210C07E8A78)
[LOG] SoundI::release                          :     Baix_Electronic (000002112C4C5528)
[LOG] SystemI::createSound                     : filename = ../Monke_Drummer_FMOD/Monke_Drummer_Project/Build\Desktop/Master.bank : mode 02010082
[LOG] SystemI::createSound                     : FMOD_NONBLOCKING specified.  Putting into queue to be opened asynchronously!
[LOG] SystemI::createSound                     : setdata soundi = 000002112C4C56D8 : node = 00000210C2292990
[LOG] SystemI::createSound                     : add node to async list : head = 000002112937F448.  list count = 0
[LOG] AsyncThread::threadFunc                  : Starting Asynchronous operation on sound 000002112C4C56D8
[LOG] SystemI::createSoundInternal             :     Create name='../Monke_Drummer_FMOD/Monke_Drummer_Project/Build\Desktop/Master.bank', mode=0x02010082
[LOG] SystemI::createSoundInternal             :     exinfo->cbsize             = 224
[LOG] SystemI::createSoundInternal             :     exinfo->length             = 2647680
[LOG] SystemI::createSoundInternal             :     exinfo->fileoffset         = 12992
[LOG] SystemI::createSoundInternal             :     exinfo->numsubsounds       = 1
[LOG] SystemI::createSoundInternal             :     exinfo->inclusionlist      = 00000210C2292AA0
[LOG] SystemI::createSoundInternal             :     exinfo->inclusionlistnum   = 1
[LOG] SystemI::createSoundInternal             :     exinfo->suggestedsoundtype = 5
[LOG] SystemI::createSoundInternal             :     exinfo->initialseekpostype = 1
[LOG] SystemI::createSoundInternal             :     Stream 0/1: name='Baix_Electronic', format=5, channels=2, frequency=48000, lengthbytes=95680, lengthpcm=576000, pcmblocksize=0, loopstart=0, loopend=0, mode=0x00000000, channelmask=0x00000000, channelorder=0, peakvolume=0.489624.
[LOG] AsyncThread::threadFunc                  : Finished Asynchronous operation on sound 000002112C4C56D8
[LOG] SoundI::release                          : Baix_Electronic (000002112C4C45F8)
[LOG] SoundI::release                          :     Baix_Electronic (00000210C07E9298)
[LOG] SoundI::release                          :     Baix_Electronic (000002112C4C3A28)
[LOG] SystemI::createSound                     : filename = ../Monke_Drummer_FMOD/Monke_Drummer_Project/Build\Desktop/Master.bank : mode 02010082
[LOG] SystemI::createSound                     : FMOD_NONBLOCKING specified.  Putting into queue to be opened asynchronously!
[LOG] SystemI::createSound                     : setdata soundi = 000002112C4C4E68 : node = 00000210C22934D0
[LOG] SystemI::createSound                     : add node to async list : head = 000002112937F448.  list count = 0
[LOG] AsyncThread::threadFunc                  : Starting Asynchronous operation on sound 000002112C4C4E68
[LOG] SystemI::createSoundInternal             :     Create name='../Monke_Drummer_FMOD/Monke_Drummer_Project/Build\Desktop/Master.bank', mode=0x02010082
[LOG] SystemI::createSoundInternal             :     exinfo->cbsize             = 224
[LOG] SystemI::createSoundInternal             :     exinfo->length             = 2647680
[LOG] SystemI::createSoundInternal             :     exinfo->fileoffset         = 12992
[LOG] SystemI::createSoundInternal             :     exinfo->numsubsounds       = 1
[LOG] SystemI::createSoundInternal             :     exinfo->inclusionlist      = 00000210C22935E0
[LOG] SystemI::createSoundInternal             :     exinfo->inclusionlistnum   = 1
[LOG] SystemI::createSoundInternal             :     exinfo->suggestedsoundtype = 5
[LOG] SystemI::createSoundInternal             :     exinfo->initialseekpostype = 1
[LOG] SystemI::createSoundInternal             :     Stream 0/1: name='Baix_Electronic', format=5, channels=2, frequency=48000, lengthbytes=95680, lengthpcm=576000, pcmblocksize=0, loopstart=0, loopend=0, mode=0x00000000, channelmask=0x00000000, channelorder=0, peakvolume=0.489624.
[LOG] AsyncThread::threadFunc                  : Finished Asynchronous operation on sound 000002112C4C4E68
[LOG] SoundI::release                          : Baix_Electronic (000002112C4C56D8)
[LOG] SoundI::release                          :     Baix_Electronic (00000210C07E8A78)
[LOG] SoundI::release                          :     Baix_Electronic (000002112C4C4298)
[LOG] SystemI::createSound                     : filename = ../Monke_Drummer_FMOD/Monke_Drummer_Project/Build\Desktop/Master.bank : mode 02010082
[LOG] SystemI::createSound                     : FMOD_NONBLOCKING specified.  Putting into queue to be opened asynchronously!
[LOG] SystemI::createSound                     : setdata soundi = 000002112C4C51C8 : node = 00000210C2293610
[LOG] SystemI::createSound                     : add node to async list : head = 000002112937F448.  list count = 0
[LOG] AsyncThread::threadFunc                  : Starting Asynchronous operation on sound 000002112C4C51C8
[LOG] SystemI::createSoundInternal             :     Create name='../Monke_Drummer_FMOD/Monke_Drummer_Project/Build\Desktop/Master.bank', mode=0x02010082
[LOG] SystemI::createSoundInternal             :     exinfo->cbsize             = 224
[LOG] SystemI::createSoundInternal             :     exinfo->length             = 2647680
[LOG] SystemI::createSoundInternal             :     exinfo->fileoffset         = 12992
[LOG] SystemI::createSoundInternal             :     exinfo->numsubsounds       = 1
[LOG] SystemI::createSoundInternal             :     exinfo->inclusionlist      = 00000210C2293720
[LOG] SystemI::createSoundInternal             :     exinfo->inclusionlistnum   = 1
[LOG] SystemI::createSoundInternal             :     exinfo->suggestedsoundtype = 5
[LOG] SystemI::createSoundInternal             :     exinfo->initialseekpostype = 1
[LOG] SystemI::createSoundInternal             :     Stream 0/1: name='Baix_Electronic', format=5, channels=2, frequency=48000, lengthbytes=95680, lengthpcm=576000, pcmblocksize=0, loopstart=0, loopend=0, mode=0x00000000, channelmask=0x00000000, channelorder=0, peakvolume=0.489624.
[LOG] AsyncThread::threadFunc                  : Finished Asynchronous operation on sound 000002112C4C51C8
[LOG] SoundI::release                          : Baix_Electronic (000002112C4C4E68)
[LOG] SoundI::release                          :     Baix_Electronic (00000210C07E8C18)
[LOG] SoundI::release                          :     Baix_Electronic (000002112C4C5D98)
[LOG] SystemI::createSound                     : filename = ../Monke_Drummer_FMOD/Monke_Drummer_Project/Build\Desktop/Master.bank : mode 02010082
[LOG] SystemI::createSound                     : FMOD_NONBLOCKING specified.  Putting into queue to be opened asynchronously!
[LOG] SystemI::createSound                     : setdata soundi = 000002112C4C5888 : node = 00000210C2291BD0
[LOG] SystemI::createSound                     : add node to async list : head = 000002112937F448.  list count = 0
[LOG] AsyncThread::threadFunc                  : Starting Asynchronous operation on sound 000002112C4C5888
[LOG] SystemI::createSoundInternal             :     Create name='../Monke_Drummer_FMOD/Monke_Drummer_Project/Build\Desktop/Master.bank', mode=0x02010082
[LOG] SystemI::createSound                     :     filename = ../Monke_Drummer_FMOD/Monke_Drummer_Project/Build\Desktop/Master.bank : mode 02010082
[LOG] SystemI::createSoundInternal             :     exinfo->cbsize             = 224
[LOG] SystemI::createSound                     :     FMOD_NONBLOCKING specified.  Putting into queue to be opened asynchronously!
[LOG] SystemI::createSoundInternal             :     exinfo->length             = 2647680
[LOG] SystemI::createSound                     :     setdata soundi = 000002112C4C3D88 : node = 00000210C22925D0
[LOG] SystemI::createSoundInternal             :     exinfo->fileoffset         = 12992
[LOG] SystemI::createSound                     :     add node to async list : head = 000002112937F448.  list count = 0
[LOG] SystemI::createSoundInternal             :     exinfo->numsubsounds       = 1
[LOG] SystemI::createSoundInternal             :     exinfo->inclusionlist      = 00000210C2291CE0
[LOG] SystemI::createSoundInternal             :     exinfo->inclusionlistnum   = 1
[LOG] SystemI::createSoundInternal             :     exinfo->suggestedsoundtype = 5
[LOG] SystemI::createSoundInternal             :     exinfo->initialseekpostype = 1
[LOG] SystemI::createSoundInternal             :     Stream 0/1: name='Harm_Rythm_Piano', format=5, channels=2, frequency=48000, lengthbytes=126784, lengthpcm=576000, pcmblocksize=0, loopstart=0, loopend=0, mode=0x00000000, channelmask=0x00000000, channelorder=0, peakvolume=0.170776.
[LOG] AsyncThread::threadFunc                  : Finished Asynchronous operation on sound 000002112C4C5888
[LOG] AsyncThread::threadFunc                  : Starting Asynchronous operation on sound 000002112C4C3D88
[LOG] SystemI::createSoundInternal             :     Create name='../Monke_Drummer_FMOD/Monke_Drummer_Project/Build\Desktop/Master.bank', mode=0x02010082
[LOG] SystemI::createSoundInternal             :     exinfo->cbsize             = 224
[LOG] SystemI::createSoundInternal             :     exinfo->length             = 2647680
[LOG] SystemI::createSoundInternal             :     exinfo->fileoffset         = 12992
[LOG] SystemI::createSoundInternal             :     exinfo->numsubsounds       = 1
[LOG] SystemI::createSoundInternal             :     exinfo->inclusionlist      = 00000210C22926E0
[LOG] SystemI::createSoundInternal             :     exinfo->inclusionlistnum   = 1
[LOG] SystemI::createSoundInternal             :     exinfo->suggestedsoundtype = 5
[LOG] SystemI::createSoundInternal             :     exinfo->initialseekposition = 9578
[LOG] SystemI::createSoundInternal             :     exinfo->initialseekpostype = 1
[LOG] SystemI::createSoundInternal             :     Stream 0/1: name='Baix_relaxat_Blanques', format=5, channels=2, frequency=48000, lengthbytes=76992, lengthpcm=576000, pcmblocksize=0, loopstart=0, loopend=0, mode=0x00000000, channelmask=0x00000000, channelorder=0, peakvolume=0.321167.
[LOG] AsyncThread::threadFunc                  : Finished Asynchronous operation on sound 000002112C4C3D88
[LOG] SoundI::release                          : Baix_Electronic (000002112C4C51C8)
[LOG] SoundI::release                          :     Baix_Electronic (00000210C07E9918)
[LOG] SoundI::release                          :     Baix_Electronic (000002112C4C4298)
[LOG] SoundI::release                          : Harm_Piano_Basic (000002112C4BCFD8)
[LOG] SoundI::release                          :     Harm_Piano_Basic (00000210C07E7218)
[LOG] SoundI::release                          :     Harm_Piano_Basic (000002112C4C4B08)
[LOG] SystemI::createSound                     : filename = ../Monke_Drummer_FMOD/Monke_Drummer_Project/Build\Desktop/Master.bank : mode 02010082
[LOG] SystemI::createSound                     : FMOD_NONBLOCKING specified.  Putting into queue to be opened asynchronously!
[LOG] SystemI::createSound                     : setdata soundi = 000002112C4BDF08 : node = 00000210C2292990
[LOG] SystemI::createSound                     : add node to async list : head = 000002112937F448.  list count = 0
[LOG] AsyncThread::threadFunc                  : Starting Asynchronous operation on sound 000002112C4BDF08
[LOG] SystemI::createSoundInternal             :     Create name='../Monke_Drummer_FMOD/Monke_Drummer_Project/Build\Desktop/Master.bank', mode=0x02010082
[LOG] SystemI::createSoundInternal             :     exinfo->cbsize             = 224
[LOG] SystemI::createSoundInternal             :     exinfo->length             = 2647680
[LOG] SystemI::createSoundInternal             :     exinfo->fileoffset         = 12992
[LOG] SystemI::createSoundInternal             :     exinfo->numsubsounds       = 1
[LOG] SystemI::createSoundInternal             :     exinfo->inclusionlist      = 00000210C2292AA0
[LOG] SystemI::createSoundInternal             :     exinfo->inclusionlistnum   = 1
[LOG] SystemI::createSoundInternal             :     exinfo->suggestedsoundtype = 5
[LOG] SystemI::createSoundInternal             :     exinfo->initialseekpostype = 1
[LOG] SystemI::createSoundInternal             :     Stream 0/1: name='Baix_relaxat_Blanques', format=5, channels=2, frequency=48000, lengthbytes=76992, lengthpcm=576000, pcmblocksize=0, loopstart=0, loopend=0, mode=0x00000000, channelmask=0x00000000, channelorder=0, peakvolume=0.321167.
[LOG] AsyncThread::threadFunc                  : Finished Asynchronous operation on sound 000002112C4BDF08
[LOG] SoundI::release                          : Baix_relaxat_Blanques (000002112C4C3D88)
[LOG] SoundI::release                          :     Baix_relaxat_Blanques (00000210C07E8C18)
[LOG] SoundI::release                          :     Baix_relaxat_Blanques (000002112C4C5D98)
[LOG] SystemI::createSound                     : filename = ../Monke_Drummer_FMOD/Monke_Drummer_Project/Build\Desktop/Master.bank : mode 02010082
[LOG] SystemI::createSound                     : FMOD_NONBLOCKING specified.  Putting into queue to be opened asynchronously!
[LOG] SystemI::createSound                     : setdata soundi = 000002112C4C45F8 : node = 00000210C22934D0
[LOG] SystemI::createSound                     : add node to async list : head = 000002112937F448.  list count = 0
[LOG] AsyncThread::threadFunc                  : Starting Asynchronous operation on sound 000002112C4C45F8
[LOG] SystemI::createSoundInternal             :     Create name='../Monke_Drummer_FMOD/Monke_Drummer_Project/Build\Desktop/Master.bank', mode=0x02010082
[LOG] SystemI::createSoundInternal             :     exinfo->cbsize             = 224
[LOG] SystemI::createSoundInternal             :     exinfo->length             = 2647680
[LOG] SystemI::createSoundInternal             :     exinfo->fileoffset         = 12992
[LOG] SystemI::createSoundInternal             :     exinfo->numsubsounds       = 1
[LOG] SystemI::createSoundInternal             :     exinfo->inclusionlist      = 00000210C22935E0
[LOG] SystemI::createSoundInternal             :     exinfo->inclusionlistnum   = 1
[LOG] SystemI::createSoundInternal             :     exinfo->suggestedsoundtype = 5
[LOG] SystemI::createSoundInternal             :     exinfo->initialseekpostype = 1
[LOG] SystemI::createSoundInternal             :     Stream 0/1: name='Baix_relaxat_Blanques', format=5, channels=2, frequency=48000, lengthbytes=76992, lengthpcm=576000, pcmblocksize=0, loopstart=0, loopend=0, mode=0x00000000, channelmask=0x00000000, channelorder=0, peakvolume=0.321167.
[LOG] AsyncThread::threadFunc                  : Finished Asynchronous operation on sound 000002112C4C45F8
[LOG] SoundI::release                          : Baix_relaxat_Blanques (000002112C4BDF08)
[LOG] SoundI::release                          :     Baix_relaxat_Blanques (00000210C07E9298)
[LOG] SoundI::release                          :     Baix_relaxat_Blanques (000002112C4BCC78)
[LOG] SystemI::createSound                     : filename = ../Monke_Drummer_FMOD/Monke_Drummer_Project/Build\Desktop/Master.bank : mode 02010082
[LOG] SystemI::createSound                     : FMOD_NONBLOCKING specified.  Putting into queue to be opened asynchronously!
[LOG] SystemI::createSound                     : setdata soundi = 000002112C4C4958 : node = 00000210C22925D0
[LOG] SystemI::createSound                     : add node to async list : head = 000002112937F448.  list count = 0
[LOG] AsyncThread::threadFunc                  : Starting Asynchronous operation on sound 000002112C4C4958
[LOG] SystemI::createSoundInternal             :     Create name='../Monke_Drummer_FMOD/Monke_Drummer_Project/Build\Desktop/Master.bank', mode=0x02010082
[LOG] SystemI::createSoundInternal             :     exinfo->cbsize             = 224
[LOG] SystemI::createSoundInternal             :     exinfo->length             = 2647680
[LOG] SystemI::createSoundInternal             :     exinfo->fileoffset         = 12992
[LOG] SystemI::createSoundInternal             :     exinfo->numsubsounds       = 1
[LOG] SystemI::createSoundInternal             :     exinfo->inclusionlist      = 00000210C22926E0
[LOG] SystemI::createSoundInternal             :     exinfo->inclusionlistnum   = 1
[LOG] SystemI::createSoundInternal             :     exinfo->suggestedsoundtype = 5
[LOG] SystemI::createSoundInternal             :     exinfo->initialseekpostype = 1
[LOG] SystemI::createSoundInternal             :     Stream 0/1: name='Baix_relaxat_Blanques', format=5, channels=2, frequency=48000, lengthbytes=76992, lengthpcm=576000, pcmblocksize=0, loopstart=0, loopend=0, mode=0x00000000, channelmask=0x00000000, channelorder=0, peakvolume=0.321167.
[LOG] AsyncThread::threadFunc                  : Finished Asynchronous operation on sound 000002112C4C4958
[LOG] SoundI::release                          : Baix_relaxat_Blanques (000002112C4C45F8)
[LOG] SoundI::release                          :     Baix_relaxat_Blanques (00000210C07E8C18)
[LOG] SoundI::release                          :     Baix_relaxat_Blanques (000002112C4C3BD8)
[LOG] SystemI::createSound                     : filename = ../Monke_Drummer_FMOD/Monke_Drummer_Project/Build\Desktop/Master.bank : mode 02010082
[LOG] SystemI::createSound                     : FMOD_NONBLOCKING specified.  Putting into queue to be opened asynchronously!
[LOG] SystemI::createSound                     : setdata soundi = 000002112C4C4298 : node = 00000210C22934D0
[LOG] SystemI::createSound                     : add node to async list : head = 000002112937F448.  list count = 0
[LOG] AsyncThread::threadFunc                  : Starting Asynchronous operation on sound 000002112C4C4298
[LOG] SystemI::createSoundInternal             :     Create name='../Monke_Drummer_FMOD/Monke_Drummer_Project/Build\Desktop/Master.bank', mode=0x02010082
[LOG] SystemI::createSoundInternal             :     exinfo->cbsize             = 224
[LOG] SystemI::createSoundInternal             :     exinfo->length             = 2647680
[LOG] SystemI::createSoundInternal             :     exinfo->fileoffset         = 12992
[LOG] SystemI::createSoundInternal             :     exinfo->numsubsounds       = 1
[LOG] SystemI::createSoundInternal             :     exinfo->inclusionlist      = 00000210C22935E0
[LOG] SystemI::createSoundInternal             :     exinfo->inclusionlistnum   = 1
[LOG] SystemI::createSoundInternal             :     exinfo->suggestedsoundtype = 5
[LOG] SystemI::createSoundInternal             :     exinfo->initialseekpostype = 1
[LOG] SystemI::createSoundInternal             :     Stream 0/1: name='Baix_relaxat_Blanques', format=5, channels=2, frequency=48000, lengthbytes=76992, lengthpcm=576000, pcmblocksize=0, loopstart=0, loopend=0, mode=0x00000000, channelmask=0x00000000, channelorder=0, peakvolume=0.321167.
[LOG] AsyncThread::threadFunc                  : Finished Asynchronous operation on sound 000002112C4C4298
[LOG] SoundI::release                          : Baix_relaxat_Blanques (000002112C4C4958)
[LOG] SoundI::release                          :     Baix_relaxat_Blanques (00000210C07E7218)
[LOG] SoundI::release                          :     Baix_relaxat_Blanques (000002112C4C4B08)
[LOG] SystemI::createSound                     : filename = ../Monke_Drummer_FMOD/Monke_Drummer_Project/Build\Desktop/Master.bank : mode 02010082
[LOG] SystemI::createSound                     : FMOD_NONBLOCKING specified.  Putting into queue to be opened asynchronously!
[LOG] SystemI::createSound                     : setdata soundi = 000002112C4C3BD8 : node = 00000210C22925D0
[LOG] SystemI::createSound                     : add node to async list : head = 000002112937F448.  list count = 0
[LOG] AsyncThread::threadFunc                  : Starting Asynchronous operation on sound 000002112C4C3BD8
[LOG] SystemI::createSoundInternal             :     Create name='../Monke_Drummer_FMOD/Monke_Drummer_Project/Build\Desktop/Master.bank', mode=0x02010082
[LOG] SystemI::createSoundInternal             :     exinfo->cbsize             = 224
[LOG] SystemI::createSoundInternal             :     exinfo->length             = 2647680
[LOG] SystemI::createSoundInternal             :     exinfo->fileoffset         = 12992
[LOG] SystemI::createSoundInternal             :     exinfo->numsubsounds       = 1
[LOG] SystemI::createSoundInternal             :     exinfo->inclusionlist      = 00000210C22926E0
[LOG] SystemI::createSoundInternal             :     exinfo->inclusionlistnum   = 1
[LOG] SystemI::createSoundInternal             :     exinfo->suggestedsoundtype = 5
[LOG] SystemI::createSoundInternal             :     exinfo->initialseekpostype = 1
[LOG] SystemI::createSoundInternal             :     Stream 0/1: name='Baix_relaxat_Blanques', format=5, channels=2, frequency=48000, lengthbytes=76992, lengthpcm=576000, pcmblocksize=0, loopstart=0, loopend=0, mode=0x00000000, channelmask=0x00000000, channelorder=0, peakvolume=0.321167.
[LOG] AsyncThread::threadFunc                  : Finished Asynchronous operation on sound 000002112C4C3BD8
[LOG] SoundI::release                          : Baix_relaxat_Blanques (000002112C4C4298)
[LOG] SoundI::release                          :     Baix_relaxat_Blanques (00000210C07E8C18)
[LOG] SoundI::release                          :     Baix_relaxat_Blanques (000002112C4C3D88)
[LOG] SystemI::createSound                     : filename = ../Monke_Drummer_FMOD/Monke_Drummer_Project/Build\Desktop/Master.bank : mode 02010082
[LOG] SystemI::createSound                     : FMOD_NONBLOCKING specified.  Putting into queue to be opened asynchronously!
[LOG] SystemI::createSound                     : setdata soundi = 000002112C4C40E8 : node = 00000210C2292990
[LOG] SystemI::createSound                     : add node to async list : head = 000002112937F448.  list count = 0
[LOG] AsyncThread::threadFunc                  : Starting Asynchronous operation on sound 000002112C4C40E8
[LOG] SystemI::createSoundInternal             :     Create name='../Monke_Drummer_FMOD/Monke_Drummer_Project/Build\Desktop/Master.bank', mode=0x02010082
[LOG] SystemI::createSoundInternal             :     exinfo->cbsize             = 224
[LOG] SystemI::createSoundInternal             :     exinfo->length             = 2647680
[LOG] SystemI::createSoundInternal             :     exinfo->fileoffset         = 12992
[LOG] SystemI::createSoundInternal             :     exinfo->numsubsounds       = 1
[LOG] SystemI::createSoundInternal             :     exinfo->inclusionlist      = 00000210C2292AA0
[LOG] SystemI::createSoundInternal             :     exinfo->inclusionlistnum   = 1
[LOG] SystemI::createSoundInternal             :     exinfo->suggestedsoundtype = 5
[LOG] SystemI::createSoundInternal             :     exinfo->initialseekpostype = 1
[LOG] SystemI::createSoundInternal             :     Stream 0/1: name='Baix_relaxat_Blanques', format=5, channels=2, frequency=48000, lengthbytes=76992, lengthpcm=576000, pcmblocksize=0, loopstart=0, loopend=0, mode=0x00000000, channelmask=0x00000000, channelorder=0, peakvolume=0.321167.
[LOG] AsyncThread::threadFunc                  : Finished Asynchronous operation on sound 000002112C4C40E8
[LOG] SoundI::release                          : Baix_relaxat_Blanques (000002112C4C3BD8)
[LOG] SoundI::release                          :     Baix_relaxat_Blanques (00000210C07E9298)
[LOG] SoundI::release                          :     Baix_relaxat_Blanques (000002112C4C5D98)
[LOG] SystemI::createSound                     : filename = ../Monke_Drummer_FMOD/Monke_Drummer_Project/Build\Desktop/Master.bank : mode 02010082
[LOG] SystemI::createSound                     : FMOD_NONBLOCKING specified.  Putting into queue to be opened asynchronously!
[LOG] SystemI::createSound                     : setdata soundi = 000002112C4C3A28 : node = 00000210C22925D0
[LOG] SystemI::createSound                     : add node to async list : head = 000002112937F448.  list count = 0
[LOG] AsyncThread::threadFunc                  : Starting Asynchronous operation on sound 000002112C4C3A28
[LOG] SystemI::createSoundInternal             :     Create name='../Monke_Drummer_FMOD/Monke_Drummer_Project/Build\Desktop/Master.bank', mode=0x02010082
[LOG] SystemI::createSoundInternal             :     exinfo->cbsize             = 224
[LOG] SystemI::createSoundInternal             :     exinfo->length             = 2647680
[LOG] SystemI::createSoundInternal             :     exinfo->fileoffset         = 12992
[LOG] SystemI::createSoundInternal             :     exinfo->numsubsounds       = 1
[LOG] SystemI::createSoundInternal             :     exinfo->inclusionlist      = 00000210C22926E0
[LOG] SystemI::createSoundInternal             :     exinfo->inclusionlistnum   = 1
[LOG] SystemI::createSoundInternal             :     exinfo->suggestedsoundtype = 5
[LOG] SystemI::createSoundInternal             :     exinfo->initialseekpostype = 1
[LOG] SystemI::createSoundInternal             :     Stream 0/1: name='Baix_relaxat_Blanques', format=5, channels=2, frequency=48000, lengthbytes=76992, lengthpcm=576000, pcmblocksize=0, loopstart=0, loopend=0, mode=0x00000000, channelmask=0x00000000, channelorder=0, peakvolume=0.321167.
[LOG] AsyncThread::threadFunc                  : Finished Asynchronous operation on sound 000002112C4C3A28
[LOG] SoundI::release                          : Baix_relaxat_Blanques (000002112C4C40E8)
[LOG] SoundI::release                          :     Baix_relaxat_Blanques (00000210C07E8C18)
[LOG] SoundI::release                          :     Baix_relaxat_Blanques (000002112C4C47A8)
[LOG] SystemI::createSound                     : filename = ../Monke_Drummer_FMOD/Monke_Drummer_Project/Build\Desktop/Master.bank : mode 02010082
[LOG] SystemI::createSound                     : FMOD_NONBLOCKING specified.  Putting into queue to be opened asynchronously!
[LOG] SystemI::createSound                     : setdata soundi = 000002112C4C4298 : node = 00000210C22934D0
[LOG] SystemI::createSound                     : add node to async list : head = 000002112937F448.  list count = 0
[LOG] AsyncThread::threadFunc                  : Starting Asynchronous operation on sound 000002112C4C4298
[LOG] SystemI::createSoundInternal             :     Create name='../Monke_Drummer_FMOD/Monke_Drummer_Project/Build\Desktop/Master.bank', mode=0x02010082
[LOG] SystemI::createSoundInternal             :     exinfo->cbsize             = 224
[LOG] SystemI::createSoundInternal             :     exinfo->length             = 2647680
[LOG] SystemI::createSoundInternal             :     exinfo->fileoffset         = 12992
[LOG] SystemI::createSoundInternal             :     exinfo->numsubsounds       = 1
[LOG] SystemI::createSoundInternal             :     exinfo->inclusionlist      = 00000210C22935E0
[LOG] SystemI::createSoundInternal             :     exinfo->inclusionlistnum   = 1
[LOG] SystemI::createSoundInternal             :     exinfo->suggestedsoundtype = 5
[LOG] SystemI::createSoundInternal             :     exinfo->initialseekpostype = 1
[LOG] SystemI::createSoundInternal             :     Stream 0/1: name='Harm_Piano_Basic', format=5, channels=2, frequency=48000, lengthbytes=137024, lengthpcm=576000, pcmblocksize=0, loopstart=0, loopend=0, mode=0x00000000, channelmask=0x00000000, channelorder=0, peakvolume=0.327393.
[LOG] AsyncThread::threadFunc                  : Finished Asynchronous operation on sound 000002112C4C4298
[LOG] SoundI::release                          : Harm_Rythm_Piano (000002112C4C5888)
[LOG] SoundI::release                          :     Harm_Rythm_Piano (00000210C07E8A78)
[LOG] SoundI::release                          :     Harm_Rythm_Piano (000002112C4C5A38)
[LOG] SystemI::createSound                     : filename = ../Monke_Drummer_FMOD/Monke_Drummer_Project/Build\Desktop/Master.bank : mode 02010082
[LOG] SystemI::createSound                     : FMOD_NONBLOCKING specified.  Putting into queue to be opened asynchronously!
[LOG] SystemI::createSound                     : setdata soundi = 000002112C4C5D98 : node = 00000210C2292C10
[LOG] SystemI::createSound                     : add node to async list : head = 000002112937F448.  list count = 0
[LOG] AsyncThread::threadFunc                  : Starting Asynchronous operation on sound 000002112C4C5D98
[LOG] SystemI::createSoundInternal             :     Create name='../Monke_Drummer_FMOD/Monke_Drummer_Project/Build\Desktop/Master.bank', mode=0x02010082
[LOG] SystemI::createSoundInternal             :     exinfo->cbsize             = 224
[LOG] SystemI::createSoundInternal             :     exinfo->length             = 2647680
[LOG] SystemI::createSoundInternal             :     exinfo->fileoffset         = 12992
[LOG] SystemI::createSoundInternal             :     exinfo->numsubsounds       = 1
[LOG] SystemI::createSoundInternal             :     exinfo->inclusionlist      = 00000210C2292D20
[LOG] SystemI::createSoundInternal             :     exinfo->inclusionlistnum   = 1
[LOG] SystemI::createSoundInternal             :     exinfo->suggestedsoundtype = 5
[LOG] SystemI::createSoundInternal             :     exinfo->initialseekpostype = 1
[LOG] SystemI::createSoundInternal             :     Stream 0/1: name='Baix_relaxat_Blanques', format=5, channels=2, frequency=48000, lengthbytes=76992, lengthpcm=576000, pcmblocksize=0, loopstart=0, loopend=0, mode=0x00000000, channelmask=0x00000000, channelorder=0, peakvolume=0.321167.
[LOG] AsyncThread::threadFunc                  : Finished Asynchronous operation on sound 000002112C4C5D98
[LOG] SoundI::release                          : Baix_relaxat_Blanques (000002112C4C3A28)
[LOG] SoundI::release                          :     Baix_relaxat_Blanques (00000210C07E9F98)
[LOG] SoundI::release                          :     Baix_relaxat_Blanques (000002112C4C3BD8)
[LOG] SystemI::createSound                     : filename = ../Monke_Drummer_FMOD/Monke_Drummer_Project/Build\Desktop/Master.bank : mode 02010082
[LOG] SystemI::createSound                     : FMOD_NONBLOCKING specified.  Putting into queue to be opened asynchronously!
[LOG] SystemI::createSound                     : setdata soundi = 000002112C4C4B08 : node = 00000210C2292990
[LOG] SystemI::createSound                     : add node to async list : head = 000002112937F448.  list count = 0
[LOG] AsyncThread::threadFunc                  : Starting Asynchronous operation on sound 000002112C4C4B08
[LOG] SystemI::createSoundInternal             :     Create name='../Monke_Drummer_FMOD/Monke_Drummer_Project/Build\Desktop/Master.bank', mode=0x02010082
[LOG] SystemI::createSoundInternal             :     exinfo->cbsize             = 224
[LOG] SystemI::createSoundInternal             :     exinfo->length             = 2647680
[LOG] SystemI::createSoundInternal             :     exinfo->fileoffset         = 12992
[LOG] SystemI::createSoundInternal             :     exinfo->numsubsounds       = 1
[LOG] SystemI::createSoundInternal             :     exinfo->inclusionlist      = 00000210C2292AA0
[LOG] SystemI::createSoundInternal             :     exinfo->inclusionlistnum   = 1
[LOG] SystemI::createSoundInternal             :     exinfo->suggestedsoundtype = 5
[LOG] SystemI::createSoundInternal             :     exinfo->initialseekpostype = 1
[LOG] SystemI::createSoundInternal             :     Stream 0/1: name='Baix_relaxat_Blanques', format=5, channels=2, frequency=48000, lengthbytes=76992, lengthpcm=576000, pcmblocksize=0, loopstart=0, loopend=0, mode=0x00000000, channelmask=0x00000000, channelorder=0, peakvolume=0.321167.
[LOG] AsyncThread::threadFunc                  : Finished Asynchronous operation on sound 000002112C4C4B08
[LOG] SoundI::release                          : Baix_relaxat_Blanques (000002112C4C5D98)
[LOG] SoundI::release                          :     Baix_relaxat_Blanques (00000210C07E8A78)
[LOG] SoundI::release                          :     Baix_relaxat_Blanques (000002112C4C5888)
[LOG] SystemI::createSound                     : filename = ../Monke_Drummer_FMOD/Monke_Drummer_Project/Build\Desktop/Master.bank : mode 02010082
[LOG] SystemI::createSound                     : FMOD_NONBLOCKING specified.  Putting into queue to be opened asynchronously!
[LOG] SystemI::createSound                     : setdata soundi = 000002112C4C5528 : node = 00000210C2291BD0
[LOG] SystemI::createSound                     : add node to async list : head = 000002112937F448.  list count = 0
[LOG] AsyncThread::threadFunc                  : Starting Asynchronous operation on sound 000002112C4C5528
[LOG] SystemI::createSoundInternal             :     Create name='../Monke_Drummer_FMOD/Monke_Drummer_Project/Build\Desktop/Master.bank', mode=0x02010082
[LOG] SystemI::createSoundInternal             :     exinfo->cbsize             = 224
[LOG] SystemI::createSoundInternal             :     exinfo->length             = 2647680
[LOG] SystemI::createSoundInternal             :     exinfo->fileoffset         = 12992
[LOG] SystemI::createSoundInternal             :     exinfo->numsubsounds       = 1
[LOG] SystemI::createSoundInternal             :     exinfo->inclusionlist      = 00000210C2291CE0
[LOG] SystemI::createSoundInternal             :     exinfo->inclusionlistnum   = 1
[LOG] SystemI::createSoundInternal             :     exinfo->suggestedsoundtype = 5
[LOG] SystemI::createSoundInternal             :     exinfo->initialseekpostype = 1
[LOG] SystemI::createSoundInternal             :     Stream 0/1: name='Baix_relaxat_Blanques', format=5, channels=2, frequency=48000, lengthbytes=76992, lengthpcm=576000, pcmblocksize=0, loopstart=0, loopend=0, mode=0x00000000, channelmask=0x00000000, channelorder=0, peakvolume=0.321167.
[LOG] AsyncThread::threadFunc                  : Finished Asynchronous operation on sound 000002112C4C5528
[LOG] SoundI::release                          : Baix_relaxat_Blanques (000002112C4C4B08)
[LOG] SoundI::release                          :     Baix_relaxat_Blanques (00000210C07E8C18)
[LOG] SoundI::release                          :     Baix_relaxat_Blanques (000002112C4C4CB8)
[LOG] SystemI::createSound                     : filename = ../Monke_Drummer_FMOD/Monke_Drummer_Project/Build\Desktop/Master.bank : mode 02010082
[LOG] SystemI::createSound                     : FMOD_NONBLOCKING specified.  Putting into queue to be opened asynchronously!
[LOG] SystemI::createSound                     : setdata soundi = 000002112C4C3D88 : node = 00000210C2292990
[LOG] SystemI::createSound                     : add node to async list : head = 000002112937F448.  list count = 0
[LOG] AsyncThread::threadFunc                  : Starting Asynchronous operation on sound 000002112C4C3D88
[LOG] SystemI::createSoundInternal             :     Create name='../Monke_Drummer_FMOD/Monke_Drummer_Project/Build\Desktop/Master.bank', mode=0x02010082
[LOG] SystemI::createSoundInternal             :     exinfo->cbsize             = 224
[LOG] SystemI::createSoundInternal             :     exinfo->length             = 2647680
[LOG] SystemI::createSoundInternal             :     exinfo->fileoffset         = 12992
[LOG] SystemI::createSoundInternal             :     exinfo->numsubsounds       = 1
[LOG] SystemI::createSoundInternal             :     exinfo->inclusionlist      = 00000210C2292AA0
[LOG] SystemI::createSoundInternal             :     exinfo->inclusionlistnum   = 1
[LOG] SystemI::createSoundInternal             :     exinfo->suggestedsoundtype = 5
[LOG] SystemI::createSoundInternal             :     exinfo->initialseekpostype = 1
[LOG] SystemI::createSoundInternal             :     Stream 0/1: name='Baix_relaxat_Blanques', format=5, channels=2, frequency=48000, lengthbytes=76992, lengthpcm=576000, pcmblocksize=0, loopstart=0, loopend=0, mode=0x00000000, channelmask=0x00000000, channelorder=0, peakvolume=0.321167.
[LOG] AsyncThread::threadFunc                  : Finished Asynchronous operation on sound 000002112C4C3D88
[LOG] SoundI::release                          : Baix_relaxat_Blanques (000002112C4C5528)
[LOG] SoundI::release                          :     Baix_relaxat_Blanques (00000210C07E8A78)
[LOG] SoundI::release                          :     Baix_relaxat_Blanques (000002112C4C56D8)
[LOG] SoundI::release                          : Harm_Piano_Basic (000002112C4C4298)
[LOG] SoundI::release                          :     Harm_Piano_Basic (00000210C07E7218)
[LOG] SoundI::release                          :     Harm_Piano_Basic (000002112C4C51C8)
[LOG] SoundI::release                          : Mel_Synth (000002112C4C5BE8)
[LOG] SoundI::release                          :     Mel_Synth (00000210C07E9DF8)
[LOG] SoundI::release                          :     Mel_Synth (000002112C4C5018)
[LOG] SoundI::release                          : Baix_relaxat_Blanques (000002112C4C3D88)
[LOG] SoundI::release                          :     Baix_relaxat_Blanques (00000210C07E8C18)
[LOG] SoundI::release                          :     Baix_relaxat_Blanques (000002112C4C4958)
[LOG] SoundI::release                          :  (00000210C800D908)
[LOG] SoundI::release                          :     bombo2 (00000210C07E8738)
[LOG] SoundI::release                          :  (00000210C800B3A8)
[LOG] SoundI::release                          :     caixes-003 (00000210C07E88D8)
[LOG] Thread::callback                         : FMOD Studio update thread finished.
[LOG] Thread::callback                         : FMOD Studio bank load thread finished.
[LOG] Profile::disconnectAll                   : Profiler disconnecting all clients
[LOG] Thread::callback                         : FMOD Studio sample load thread finished.
[LOG] LiveUpdate::release                      : 
[LOG] LiveUpdate::reset                        : Reset connection (reason Disconnected)
[LOG] Thread::callback                         : FMOD stream thread finished.
[LOG] Thread::callback                         : FMOD mixer thread finished.
[LOG] Profile::disconnectAll                   : Profiler disconnecting all clients
[LOG] SystemI::close                           : Closed.
